<?xml version="1.0" encoding="UTF-8"?>
<testsuite xmlns:xsi="http://www.w3.org/2001/XMLSchema-instance" xsi:noNamespaceSchemaLocation="https://maven.apache.org/surefire/maven-surefire-plugin/xsd/surefire-test-report-3.0.xsd" version="3.0" name="org.metadatacenter.fairware.core.util.MetadataContentExtractorTest" time="0.036" tests="5" errors="0" skipped="0" failures="0">
  <properties>
    <property name="gopherProxySet" value="false"/>
    <property name="awt.toolkit" value="sun.lwawt.macosx.LWCToolkit"/>
    <property name="java.specification.version" value="11"/>
    <property name="sun.cpu.isalist" value=""/>
    <property name="sun.jnu.encoding" value="UTF-8"/>
    <property name="java.class.path" value="/Users/marcosmr/Development/CEDAR/fairware-workbench-api/target/test-classes:/Users/marcosmr/Development/CEDAR/fairware-workbench-api/target/classes:/Users/marcosmr/.m2/repository/io/dropwizard/dropwizard-core/2.0.23/dropwizard-core-2.0.23.jar:/Users/marcosmr/.m2/repository/io/dropwizard/dropwizard-util/2.0.23/dropwizard-util-2.0.23.jar:/Users/marcosmr/.m2/repository/com/google/guava/guava/30.1.1-jre/guava-30.1.1-jre.jar:/Users/marcosmr/.m2/repository/com/google/guava/failureaccess/1.0.1/failureaccess-1.0.1.jar:/Users/marcosmr/.m2/repository/com/google/guava/listenablefuture/9999.0-empty-to-avoid-conflict-with-guava/listenablefuture-9999.0-empty-to-avoid-conflict-with-guava.jar:/Users/marcosmr/.m2/repository/org/checkerframework/checker-qual/3.15.0/checker-qual-3.15.0.jar:/Users/marcosmr/.m2/repository/com/google/errorprone/error_prone_annotations/2.7.1/error_prone_annotations-2.7.1.jar:/Users/marcosmr/.m2/repository/com/google/j2objc/j2objc-annotations/1.3/j2objc-annotations-1.3.jar:/Users/marcosmr/.m2/repository/io/dropwizard/dropwizard-jackson/2.0.23/dropwizard-jackson-2.0.23.jar:/Users/marcosmr/.m2/repository/com/github/ben-manes/caffeine/caffeine/2.9.1/caffeine-2.9.1.jar:/Users/marcosmr/.m2/repository/com/fasterxml/jackson/core/jackson-core/2.10.5/jackson-core-2.10.5.jar:/Users/marcosmr/.m2/repository/com/fasterxml/jackson/datatype/jackson-datatype-guava/2.10.5/jackson-datatype-guava-2.10.5.jar:/Users/marcosmr/.m2/repository/com/fasterxml/jackson/datatype/jackson-datatype-jsr310/2.10.5/jackson-datatype-jsr310-2.10.5.jar:/Users/marcosmr/.m2/repository/com/fasterxml/jackson/datatype/jackson-datatype-jdk8/2.10.5/jackson-datatype-jdk8-2.10.5.jar:/Users/marcosmr/.m2/repository/com/fasterxml/jackson/module/jackson-module-parameter-names/2.10.5/jackson-module-parameter-names-2.10.5.jar:/Users/marcosmr/.m2/repository/com/fasterxml/jackson/module/jackson-module-afterburner/2.10.5/jackson-module-afterburner-2.10.5.jar:/Users/marcosmr/.m2/repository/com/fasterxml/jackson/datatype/jackson-datatype-joda/2.10.5/jackson-datatype-joda-2.10.5.jar:/Users/marcosmr/.m2/repository/io/dropwizard/dropwizard-validation/2.0.23/dropwizard-validation-2.0.23.jar:/Users/marcosmr/.m2/repository/com/fasterxml/classmate/1.5.1/classmate-1.5.1.jar:/Users/marcosmr/.m2/repository/org/glassfish/jakarta.el/3.0.3/jakarta.el-3.0.3.jar:/Users/marcosmr/.m2/repository/io/dropwizard/dropwizard-configuration/2.0.23/dropwizard-configuration-2.0.23.jar:/Users/marcosmr/.m2/repository/com/fasterxml/jackson/dataformat/jackson-dataformat-yaml/2.10.5/jackson-dataformat-yaml-2.10.5.jar:/Users/marcosmr/.m2/repository/org/yaml/snakeyaml/1.26/snakeyaml-1.26.jar:/Users/marcosmr/.m2/repository/org/apache/commons/commons-text/1.9/commons-text-1.9.jar:/Users/marcosmr/.m2/repository/io/dropwizard/dropwizard-logging/2.0.23/dropwizard-logging-2.0.23.jar:/Users/marcosmr/.m2/repository/io/dropwizard/metrics/metrics-logback/4.1.23/metrics-logback-4.1.23.jar:/Users/marcosmr/.m2/repository/org/slf4j/jul-to-slf4j/1.7.31/jul-to-slf4j-1.7.31.jar:/Users/marcosmr/.m2/repository/ch/qos/logback/logback-core/1.2.3/logback-core-1.2.3.jar:/Users/marcosmr/.m2/repository/io/dropwizard/logback/logback-throttling-appender/1.1.0/logback-throttling-appender-1.1.0.jar:/Users/marcosmr/.m2/repository/org/slf4j/log4j-over-slf4j/1.7.31/log4j-over-slf4j-1.7.31.jar:/Users/marcosmr/.m2/repository/org/slf4j/jcl-over-slf4j/1.7.31/jcl-over-slf4j-1.7.31.jar:/Users/marcosmr/.m2/repository/io/dropwizard/dropwizard-metrics/2.0.23/dropwizard-metrics-2.0.23.jar:/Users/marcosmr/.m2/repository/io/dropwizard/dropwizard-jersey/2.0.23/dropwizard-jersey-2.0.23.jar:/Users/marcosmr/.m2/repository/org/glassfish/jersey/core/jersey-server/2.33/jersey-server-2.33.jar:/Users/marcosmr/.m2/repository/org/glassfish/jersey/ext/jersey-metainf-services/2.33/jersey-metainf-services-2.33.jar:/Users/marcosmr/.m2/repository/org/glassfish/jersey/inject/jersey-hk2/2.33/jersey-hk2-2.33.jar:/Users/marcosmr/.m2/repository/org/glassfish/hk2/hk2-locator/2.6.1/hk2-locator-2.6.1.jar:/Users/marcosmr/.m2/repository/org/javassist/javassist/3.28.0-GA/javassist-3.28.0-GA.jar:/Users/marcosmr/.m2/repository/io/dropwizard/metrics/metrics-jersey2/4.1.23/metrics-jersey2-4.1.23.jar:/Users/marcosmr/.m2/repository/com/fasterxml/jackson/jaxrs/jackson-jaxrs-json-provider/2.10.5/jackson-jaxrs-json-provider-2.10.5.jar:/Users/marcosmr/.m2/repository/com/fasterxml/jackson/jaxrs/jackson-jaxrs-base/2.10.5/jackson-jaxrs-base-2.10.5.jar:/Users/marcosmr/.m2/repository/com/fasterxml/jackson/module/jackson-module-jaxb-annotations/2.10.5/jackson-module-jaxb-annotations-2.10.5.jar:/Users/marcosmr/.m2/repository/jakarta/xml/bind/jakarta.xml.bind-api/2.3.3/jakarta.xml.bind-api-2.3.3.jar:/Users/marcosmr/.m2/repository/jakarta/activation/jakarta.activation-api/1.2.2/jakarta.activation-api-1.2.2.jar:/Users/marcosmr/.m2/repository/jakarta/annotation/jakarta.annotation-api/1.3.5/jakarta.annotation-api-1.3.5.jar:/Users/marcosmr/.m2/repository/joda-time/joda-time/2.10.10/joda-time-2.10.10.jar:/Users/marcosmr/.m2/repository/org/glassfish/hk2/hk2-api/2.6.1/hk2-api-2.6.1.jar:/Users/marcosmr/.m2/repository/org/glassfish/hk2/hk2-utils/2.6.1/hk2-utils-2.6.1.jar:/Users/marcosmr/.m2/repository/org/glassfish/hk2/external/aopalliance-repackaged/2.6.1/aopalliance-repackaged-2.6.1.jar:/Users/marcosmr/.m2/repository/org/glassfish/jersey/containers/jersey-container-servlet/2.33/jersey-container-servlet-2.33.jar:/Users/marcosmr/.m2/repository/org/glassfish/jersey/containers/jersey-container-servlet-core/2.33/jersey-container-servlet-core-2.33.jar:/Users/marcosmr/.m2/repository/org/glassfish/jersey/core/jersey-client/2.33/jersey-client-2.33.jar:/Users/marcosmr/.m2/repository/org/eclipse/jetty/jetty-io/9.4.42.v20210604/jetty-io-9.4.42.v20210604.jar:/Users/marcosmr/.m2/repository/org/apache/commons/commons-lang3/3.12.0/commons-lang3-3.12.0.jar:/Users/marcosmr/.m2/repository/io/dropwizard/dropwizard-servlets/2.0.23/dropwizard-servlets-2.0.23.jar:/Users/marcosmr/.m2/repository/io/dropwizard/metrics/metrics-annotation/4.1.23/metrics-annotation-4.1.23.jar:/Users/marcosmr/.m2/repository/io/dropwizard/dropwizard-jetty/2.0.23/dropwizard-jetty-2.0.23.jar:/Users/marcosmr/.m2/repository/org/eclipse/jetty/jetty-servlets/9.4.42.v20210604/jetty-servlets-9.4.42.v20210604.jar:/Users/marcosmr/.m2/repository/org/eclipse/jetty/jetty-continuation/9.4.42.v20210604/jetty-continuation-9.4.42.v20210604.jar:/Users/marcosmr/.m2/repository/org/eclipse/jetty/jetty-http/9.4.42.v20210604/jetty-http-9.4.42.v20210604.jar:/Users/marcosmr/.m2/repository/io/dropwizard/dropwizard-lifecycle/2.0.23/dropwizard-lifecycle-2.0.23.jar:/Users/marcosmr/.m2/repository/io/dropwizard/metrics/metrics-core/4.1.23/metrics-core-4.1.23.jar:/Users/marcosmr/.m2/repository/io/dropwizard/metrics/metrics-jetty9/4.1.23/metrics-jetty9-4.1.23.jar:/Users/marcosmr/.m2/repository/io/dropwizard/metrics/metrics-jvm/4.1.23/metrics-jvm-4.1.23.jar:/Users/marcosmr/.m2/repository/io/dropwizard/metrics/metrics-jmx/4.1.23/metrics-jmx-4.1.23.jar:/Users/marcosmr/.m2/repository/io/dropwizard/metrics/metrics-servlets/4.1.23/metrics-servlets-4.1.23.jar:/Users/marcosmr/.m2/repository/io/dropwizard/metrics/metrics-json/4.1.23/metrics-json-4.1.23.jar:/Users/marcosmr/.m2/repository/com/helger/profiler/1.1.1/profiler-1.1.1.jar:/Users/marcosmr/.m2/repository/io/dropwizard/metrics/metrics-healthchecks/4.1.23/metrics-healthchecks-4.1.23.jar:/Users/marcosmr/.m2/repository/io/dropwizard/dropwizard-request-logging/2.0.23/dropwizard-request-logging-2.0.23.jar:/Users/marcosmr/.m2/repository/ch/qos/logback/logback-access/1.2.3/logback-access-1.2.3.jar:/Users/marcosmr/.m2/repository/ch/qos/logback/logback-classic/1.2.3/logback-classic-1.2.3.jar:/Users/marcosmr/.m2/repository/com/fasterxml/jackson/core/jackson-annotations/2.10.5/jackson-annotations-2.10.5.jar:/Users/marcosmr/.m2/repository/com/fasterxml/jackson/core/jackson-databind/2.10.5.1/jackson-databind-2.10.5.1.jar:/Users/marcosmr/.m2/repository/com/google/code/findbugs/jsr305/3.0.2/jsr305-3.0.2.jar:/Users/marcosmr/.m2/repository/jakarta/servlet/jakarta.servlet-api/4.0.4/jakarta.servlet-api-4.0.4.jar:/Users/marcosmr/.m2/repository/jakarta/validation/jakarta.validation-api/2.0.2/jakarta.validation-api-2.0.2.jar:/Users/marcosmr/.m2/repository/jakarta/ws/rs/jakarta.ws.rs-api/2.1.6/jakarta.ws.rs-api-2.1.6.jar:/Users/marcosmr/.m2/repository/net/sourceforge/argparse4j/argparse4j/0.8.1/argparse4j-0.8.1.jar:/Users/marcosmr/.m2/repository/org/eclipse/jetty/jetty-security/9.4.42.v20210604/jetty-security-9.4.42.v20210604.jar:/Users/marcosmr/.m2/repository/org/eclipse/jetty/jetty-server/9.4.42.v20210604/jetty-server-9.4.42.v20210604.jar:/Users/marcosmr/.m2/repository/org/eclipse/jetty/jetty-servlet/9.4.42.v20210604/jetty-servlet-9.4.42.v20210604.jar:/Users/marcosmr/.m2/repository/org/eclipse/jetty/jetty-util-ajax/9.4.42.v20210604/jetty-util-ajax-9.4.42.v20210604.jar:/Users/marcosmr/.m2/repository/org/eclipse/jetty/jetty-util/9.4.42.v20210604/jetty-util-9.4.42.v20210604.jar:/Users/marcosmr/.m2/repository/org/eclipse/jetty/toolchain/setuid/jetty-setuid-java/1.0.4/jetty-setuid-java-1.0.4.jar:/Users/marcosmr/.m2/repository/org/glassfish/hk2/external/jakarta.inject/2.6.1/jakarta.inject-2.6.1.jar:/Users/marcosmr/.m2/repository/org/glassfish/jersey/core/jersey-common/2.33/jersey-common-2.33.jar:/Users/marcosmr/.m2/repository/org/glassfish/hk2/osgi-resource-locator/1.0.3/osgi-resource-locator-1.0.3.jar:/Users/marcosmr/.m2/repository/org/glassfish/jersey/ext/jersey-bean-validation/2.33/jersey-bean-validation-2.33.jar:/Users/marcosmr/.m2/repository/org/hibernate/validator/hibernate-validator/6.1.7.Final/hibernate-validator-6.1.7.Final.jar:/Users/marcosmr/.m2/repository/org/jboss/logging/jboss-logging/3.3.2.Final/jboss-logging-3.3.2.Final.jar:/Users/marcosmr/.m2/repository/org/slf4j/slf4j-api/1.7.31/slf4j-api-1.7.31.jar:/Users/marcosmr/.m2/repository/in/vectorpro/dropwizard/dropwizard-swagger/2.0.23-2/dropwizard-swagger-2.0.23-2.jar:/Users/marcosmr/.m2/repository/io/dropwizard/dropwizard-views/2.0.23/dropwizard-views-2.0.23.jar:/Users/marcosmr/.m2/repository/io/dropwizard/dropwizard-auth/2.0.23/dropwizard-auth-2.0.23.jar:/Users/marcosmr/.m2/repository/io/dropwizard/metrics/metrics-caffeine/4.1.23/metrics-caffeine-4.1.23.jar:/Users/marcosmr/.m2/repository/io/dropwizard/dropwizard-views-freemarker/2.0.23/dropwizard-views-freemarker-2.0.23.jar:/Users/marcosmr/.m2/repository/org/freemarker/freemarker/2.3.31/freemarker-2.3.31.jar:/Users/marcosmr/.m2/repository/in/vectorpro/dropwizard/dropwizard-swagger-ui/3.51.1/dropwizard-swagger-ui-3.51.1.jar:/Users/marcosmr/.m2/repository/io/swagger/core/v3/swagger-core/2.0.10/swagger-core-2.0.10.jar:/Users/marcosmr/.m2/repository/javax/xml/bind/jaxb-api/2.3.0/jaxb-api-2.3.0.jar:/Users/marcosmr/.m2/repository/io/swagger/core/v3/swagger-annotations/2.0.10/swagger-annotations-2.0.10.jar:/Users/marcosmr/.m2/repository/io/swagger/core/v3/swagger-models/2.0.10/swagger-models-2.0.10.jar:/Users/marcosmr/.m2/repository/javax/validation/validation-api/1.1.0.Final/validation-api-1.1.0.Final.jar:/Users/marcosmr/.m2/repository/io/swagger/core/v3/swagger-jaxrs2/2.0.10/swagger-jaxrs2-2.0.10.jar:/Users/marcosmr/.m2/repository/io/github/classgraph/classgraph/4.6.32/classgraph-4.6.32.jar:/Users/marcosmr/.m2/repository/io/swagger/core/v3/swagger-integration/2.0.10/swagger-integration-2.0.10.jar:/Users/marcosmr/.m2/repository/io/dropwizard/dropwizard-assets/2.0.23/dropwizard-assets-2.0.23.jar:/Users/marcosmr/.m2/repository/org/apache/httpcomponents/fluent-hc/4.5.13/fluent-hc-4.5.13.jar:/Users/marcosmr/.m2/repository/org/apache/httpcomponents/httpclient/4.5.13/httpclient-4.5.13.jar:/Users/marcosmr/.m2/repository/commons-codec/commons-codec/1.15/commons-codec-1.15.jar:/Users/marcosmr/.m2/repository/commons-logging/commons-logging/1.2/commons-logging-1.2.jar:/Users/marcosmr/.m2/repository/org/apache/httpcomponents/httpcore/4.4.14/httpcore-4.4.14.jar:/Users/marcosmr/.m2/repository/org/junit/jupiter/junit-jupiter-engine/5.7.2/junit-jupiter-engine-5.7.2.jar:/Users/marcosmr/.m2/repository/org/apiguardian/apiguardian-api/1.1.0/apiguardian-api-1.1.0.jar:/Users/marcosmr/.m2/repository/org/junit/platform/junit-platform-engine/1.7.2/junit-platform-engine-1.7.2.jar:/Users/marcosmr/.m2/repository/org/opentest4j/opentest4j/1.2.0/opentest4j-1.2.0.jar:/Users/marcosmr/.m2/repository/org/junit/platform/junit-platform-commons/1.7.2/junit-platform-commons-1.7.2.jar:/Users/marcosmr/.m2/repository/org/junit/jupiter/junit-jupiter-api/5.7.2/junit-jupiter-api-5.7.2.jar:/Users/marcosmr/.m2/repository/me/xdrop/fuzzywuzzy/1.3.1/fuzzywuzzy-1.3.1.jar:"/>
    <property name="java.vm.vendor" value="Oracle Corporation"/>
    <property name="sun.arch.data.model" value="64"/>
    <property name="java.vendor.url" value="https://openjdk.java.net/"/>
    <property name="user.timezone" value=""/>
    <property name="java.vm.specification.version" value="11"/>
    <property name="os.name" value="Mac OS X"/>
    <property name="sun.java.launcher" value="SUN_STANDARD"/>
    <property name="user.country" value="US"/>
    <property name="sun.boot.library.path" value="/Library/Java/JavaVirtualMachines/jdk-11.0.9.jdk/Contents/Home/lib"/>
    <property name="sun.java.command" value="/Users/marcosmr/Development/CEDAR/fairware-workbench-api/target/surefire/surefirebooter3498795792852254032.jar /Users/marcosmr/Development/CEDAR/fairware-workbench-api/target/surefire 2021-08-17T10-59-27_679-jvmRun1 surefire14252332687756824344tmp surefire_012617099092450992635tmp"/>
    <property name="http.nonProxyHosts" value="local|*.local|169.254/16|*.169.254/16"/>
    <property name="jdk.debug" value="release"/>
    <property name="surefire.test.class.path" value="/Users/marcosmr/Development/CEDAR/fairware-workbench-api/target/test-classes:/Users/marcosmr/Development/CEDAR/fairware-workbench-api/target/classes:/Users/marcosmr/.m2/repository/io/dropwizard/dropwizard-core/2.0.23/dropwizard-core-2.0.23.jar:/Users/marcosmr/.m2/repository/io/dropwizard/dropwizard-util/2.0.23/dropwizard-util-2.0.23.jar:/Users/marcosmr/.m2/repository/com/google/guava/guava/30.1.1-jre/guava-30.1.1-jre.jar:/Users/marcosmr/.m2/repository/com/google/guava/failureaccess/1.0.1/failureaccess-1.0.1.jar:/Users/marcosmr/.m2/repository/com/google/guava/listenablefuture/9999.0-empty-to-avoid-conflict-with-guava/listenablefuture-9999.0-empty-to-avoid-conflict-with-guava.jar:/Users/marcosmr/.m2/repository/org/checkerframework/checker-qual/3.15.0/checker-qual-3.15.0.jar:/Users/marcosmr/.m2/repository/com/google/errorprone/error_prone_annotations/2.7.1/error_prone_annotations-2.7.1.jar:/Users/marcosmr/.m2/repository/com/google/j2objc/j2objc-annotations/1.3/j2objc-annotations-1.3.jar:/Users/marcosmr/.m2/repository/io/dropwizard/dropwizard-jackson/2.0.23/dropwizard-jackson-2.0.23.jar:/Users/marcosmr/.m2/repository/com/github/ben-manes/caffeine/caffeine/2.9.1/caffeine-2.9.1.jar:/Users/marcosmr/.m2/repository/com/fasterxml/jackson/core/jackson-core/2.10.5/jackson-core-2.10.5.jar:/Users/marcosmr/.m2/repository/com/fasterxml/jackson/datatype/jackson-datatype-guava/2.10.5/jackson-datatype-guava-2.10.5.jar:/Users/marcosmr/.m2/repository/com/fasterxml/jackson/datatype/jackson-datatype-jsr310/2.10.5/jackson-datatype-jsr310-2.10.5.jar:/Users/marcosmr/.m2/repository/com/fasterxml/jackson/datatype/jackson-datatype-jdk8/2.10.5/jackson-datatype-jdk8-2.10.5.jar:/Users/marcosmr/.m2/repository/com/fasterxml/jackson/module/jackson-module-parameter-names/2.10.5/jackson-module-parameter-names-2.10.5.jar:/Users/marcosmr/.m2/repository/com/fasterxml/jackson/module/jackson-module-afterburner/2.10.5/jackson-module-afterburner-2.10.5.jar:/Users/marcosmr/.m2/repository/com/fasterxml/jackson/datatype/jackson-datatype-joda/2.10.5/jackson-datatype-joda-2.10.5.jar:/Users/marcosmr/.m2/repository/io/dropwizard/dropwizard-validation/2.0.23/dropwizard-validation-2.0.23.jar:/Users/marcosmr/.m2/repository/com/fasterxml/classmate/1.5.1/classmate-1.5.1.jar:/Users/marcosmr/.m2/repository/org/glassfish/jakarta.el/3.0.3/jakarta.el-3.0.3.jar:/Users/marcosmr/.m2/repository/io/dropwizard/dropwizard-configuration/2.0.23/dropwizard-configuration-2.0.23.jar:/Users/marcosmr/.m2/repository/com/fasterxml/jackson/dataformat/jackson-dataformat-yaml/2.10.5/jackson-dataformat-yaml-2.10.5.jar:/Users/marcosmr/.m2/repository/org/yaml/snakeyaml/1.26/snakeyaml-1.26.jar:/Users/marcosmr/.m2/repository/org/apache/commons/commons-text/1.9/commons-text-1.9.jar:/Users/marcosmr/.m2/repository/io/dropwizard/dropwizard-logging/2.0.23/dropwizard-logging-2.0.23.jar:/Users/marcosmr/.m2/repository/io/dropwizard/metrics/metrics-logback/4.1.23/metrics-logback-4.1.23.jar:/Users/marcosmr/.m2/repository/org/slf4j/jul-to-slf4j/1.7.31/jul-to-slf4j-1.7.31.jar:/Users/marcosmr/.m2/repository/ch/qos/logback/logback-core/1.2.3/logback-core-1.2.3.jar:/Users/marcosmr/.m2/repository/io/dropwizard/logback/logback-throttling-appender/1.1.0/logback-throttling-appender-1.1.0.jar:/Users/marcosmr/.m2/repository/org/slf4j/log4j-over-slf4j/1.7.31/log4j-over-slf4j-1.7.31.jar:/Users/marcosmr/.m2/repository/org/slf4j/jcl-over-slf4j/1.7.31/jcl-over-slf4j-1.7.31.jar:/Users/marcosmr/.m2/repository/io/dropwizard/dropwizard-metrics/2.0.23/dropwizard-metrics-2.0.23.jar:/Users/marcosmr/.m2/repository/io/dropwizard/dropwizard-jersey/2.0.23/dropwizard-jersey-2.0.23.jar:/Users/marcosmr/.m2/repository/org/glassfish/jersey/core/jersey-server/2.33/jersey-server-2.33.jar:/Users/marcosmr/.m2/repository/org/glassfish/jersey/ext/jersey-metainf-services/2.33/jersey-metainf-services-2.33.jar:/Users/marcosmr/.m2/repository/org/glassfish/jersey/inject/jersey-hk2/2.33/jersey-hk2-2.33.jar:/Users/marcosmr/.m2/repository/org/glassfish/hk2/hk2-locator/2.6.1/hk2-locator-2.6.1.jar:/Users/marcosmr/.m2/repository/org/javassist/javassist/3.28.0-GA/javassist-3.28.0-GA.jar:/Users/marcosmr/.m2/repository/io/dropwizard/metrics/metrics-jersey2/4.1.23/metrics-jersey2-4.1.23.jar:/Users/marcosmr/.m2/repository/com/fasterxml/jackson/jaxrs/jackson-jaxrs-json-provider/2.10.5/jackson-jaxrs-json-provider-2.10.5.jar:/Users/marcosmr/.m2/repository/com/fasterxml/jackson/jaxrs/jackson-jaxrs-base/2.10.5/jackson-jaxrs-base-2.10.5.jar:/Users/marcosmr/.m2/repository/com/fasterxml/jackson/module/jackson-module-jaxb-annotations/2.10.5/jackson-module-jaxb-annotations-2.10.5.jar:/Users/marcosmr/.m2/repository/jakarta/xml/bind/jakarta.xml.bind-api/2.3.3/jakarta.xml.bind-api-2.3.3.jar:/Users/marcosmr/.m2/repository/jakarta/activation/jakarta.activation-api/1.2.2/jakarta.activation-api-1.2.2.jar:/Users/marcosmr/.m2/repository/jakarta/annotation/jakarta.annotation-api/1.3.5/jakarta.annotation-api-1.3.5.jar:/Users/marcosmr/.m2/repository/joda-time/joda-time/2.10.10/joda-time-2.10.10.jar:/Users/marcosmr/.m2/repository/org/glassfish/hk2/hk2-api/2.6.1/hk2-api-2.6.1.jar:/Users/marcosmr/.m2/repository/org/glassfish/hk2/hk2-utils/2.6.1/hk2-utils-2.6.1.jar:/Users/marcosmr/.m2/repository/org/glassfish/hk2/external/aopalliance-repackaged/2.6.1/aopalliance-repackaged-2.6.1.jar:/Users/marcosmr/.m2/repository/org/glassfish/jersey/containers/jersey-container-servlet/2.33/jersey-container-servlet-2.33.jar:/Users/marcosmr/.m2/repository/org/glassfish/jersey/containers/jersey-container-servlet-core/2.33/jersey-container-servlet-core-2.33.jar:/Users/marcosmr/.m2/repository/org/glassfish/jersey/core/jersey-client/2.33/jersey-client-2.33.jar:/Users/marcosmr/.m2/repository/org/eclipse/jetty/jetty-io/9.4.42.v20210604/jetty-io-9.4.42.v20210604.jar:/Users/marcosmr/.m2/repository/org/apache/commons/commons-lang3/3.12.0/commons-lang3-3.12.0.jar:/Users/marcosmr/.m2/repository/io/dropwizard/dropwizard-servlets/2.0.23/dropwizard-servlets-2.0.23.jar:/Users/marcosmr/.m2/repository/io/dropwizard/metrics/metrics-annotation/4.1.23/metrics-annotation-4.1.23.jar:/Users/marcosmr/.m2/repository/io/dropwizard/dropwizard-jetty/2.0.23/dropwizard-jetty-2.0.23.jar:/Users/marcosmr/.m2/repository/org/eclipse/jetty/jetty-servlets/9.4.42.v20210604/jetty-servlets-9.4.42.v20210604.jar:/Users/marcosmr/.m2/repository/org/eclipse/jetty/jetty-continuation/9.4.42.v20210604/jetty-continuation-9.4.42.v20210604.jar:/Users/marcosmr/.m2/repository/org/eclipse/jetty/jetty-http/9.4.42.v20210604/jetty-http-9.4.42.v20210604.jar:/Users/marcosmr/.m2/repository/io/dropwizard/dropwizard-lifecycle/2.0.23/dropwizard-lifecycle-2.0.23.jar:/Users/marcosmr/.m2/repository/io/dropwizard/metrics/metrics-core/4.1.23/metrics-core-4.1.23.jar:/Users/marcosmr/.m2/repository/io/dropwizard/metrics/metrics-jetty9/4.1.23/metrics-jetty9-4.1.23.jar:/Users/marcosmr/.m2/repository/io/dropwizard/metrics/metrics-jvm/4.1.23/metrics-jvm-4.1.23.jar:/Users/marcosmr/.m2/repository/io/dropwizard/metrics/metrics-jmx/4.1.23/metrics-jmx-4.1.23.jar:/Users/marcosmr/.m2/repository/io/dropwizard/metrics/metrics-servlets/4.1.23/metrics-servlets-4.1.23.jar:/Users/marcosmr/.m2/repository/io/dropwizard/metrics/metrics-json/4.1.23/metrics-json-4.1.23.jar:/Users/marcosmr/.m2/repository/com/helger/profiler/1.1.1/profiler-1.1.1.jar:/Users/marcosmr/.m2/repository/io/dropwizard/metrics/metrics-healthchecks/4.1.23/metrics-healthchecks-4.1.23.jar:/Users/marcosmr/.m2/repository/io/dropwizard/dropwizard-request-logging/2.0.23/dropwizard-request-logging-2.0.23.jar:/Users/marcosmr/.m2/repository/ch/qos/logback/logback-access/1.2.3/logback-access-1.2.3.jar:/Users/marcosmr/.m2/repository/ch/qos/logback/logback-classic/1.2.3/logback-classic-1.2.3.jar:/Users/marcosmr/.m2/repository/com/fasterxml/jackson/core/jackson-annotations/2.10.5/jackson-annotations-2.10.5.jar:/Users/marcosmr/.m2/repository/com/fasterxml/jackson/core/jackson-databind/2.10.5.1/jackson-databind-2.10.5.1.jar:/Users/marcosmr/.m2/repository/com/google/code/findbugs/jsr305/3.0.2/jsr305-3.0.2.jar:/Users/marcosmr/.m2/repository/jakarta/servlet/jakarta.servlet-api/4.0.4/jakarta.servlet-api-4.0.4.jar:/Users/marcosmr/.m2/repository/jakarta/validation/jakarta.validation-api/2.0.2/jakarta.validation-api-2.0.2.jar:/Users/marcosmr/.m2/repository/jakarta/ws/rs/jakarta.ws.rs-api/2.1.6/jakarta.ws.rs-api-2.1.6.jar:/Users/marcosmr/.m2/repository/net/sourceforge/argparse4j/argparse4j/0.8.1/argparse4j-0.8.1.jar:/Users/marcosmr/.m2/repository/org/eclipse/jetty/jetty-security/9.4.42.v20210604/jetty-security-9.4.42.v20210604.jar:/Users/marcosmr/.m2/repository/org/eclipse/jetty/jetty-server/9.4.42.v20210604/jetty-server-9.4.42.v20210604.jar:/Users/marcosmr/.m2/repository/org/eclipse/jetty/jetty-servlet/9.4.42.v20210604/jetty-servlet-9.4.42.v20210604.jar:/Users/marcosmr/.m2/repository/org/eclipse/jetty/jetty-util-ajax/9.4.42.v20210604/jetty-util-ajax-9.4.42.v20210604.jar:/Users/marcosmr/.m2/repository/org/eclipse/jetty/jetty-util/9.4.42.v20210604/jetty-util-9.4.42.v20210604.jar:/Users/marcosmr/.m2/repository/org/eclipse/jetty/toolchain/setuid/jetty-setuid-java/1.0.4/jetty-setuid-java-1.0.4.jar:/Users/marcosmr/.m2/repository/org/glassfish/hk2/external/jakarta.inject/2.6.1/jakarta.inject-2.6.1.jar:/Users/marcosmr/.m2/repository/org/glassfish/jersey/core/jersey-common/2.33/jersey-common-2.33.jar:/Users/marcosmr/.m2/repository/org/glassfish/hk2/osgi-resource-locator/1.0.3/osgi-resource-locator-1.0.3.jar:/Users/marcosmr/.m2/repository/org/glassfish/jersey/ext/jersey-bean-validation/2.33/jersey-bean-validation-2.33.jar:/Users/marcosmr/.m2/repository/org/hibernate/validator/hibernate-validator/6.1.7.Final/hibernate-validator-6.1.7.Final.jar:/Users/marcosmr/.m2/repository/org/jboss/logging/jboss-logging/3.3.2.Final/jboss-logging-3.3.2.Final.jar:/Users/marcosmr/.m2/repository/org/slf4j/slf4j-api/1.7.31/slf4j-api-1.7.31.jar:/Users/marcosmr/.m2/repository/in/vectorpro/dropwizard/dropwizard-swagger/2.0.23-2/dropwizard-swagger-2.0.23-2.jar:/Users/marcosmr/.m2/repository/io/dropwizard/dropwizard-views/2.0.23/dropwizard-views-2.0.23.jar:/Users/marcosmr/.m2/repository/io/dropwizard/dropwizard-auth/2.0.23/dropwizard-auth-2.0.23.jar:/Users/marcosmr/.m2/repository/io/dropwizard/metrics/metrics-caffeine/4.1.23/metrics-caffeine-4.1.23.jar:/Users/marcosmr/.m2/repository/io/dropwizard/dropwizard-views-freemarker/2.0.23/dropwizard-views-freemarker-2.0.23.jar:/Users/marcosmr/.m2/repository/org/freemarker/freemarker/2.3.31/freemarker-2.3.31.jar:/Users/marcosmr/.m2/repository/in/vectorpro/dropwizard/dropwizard-swagger-ui/3.51.1/dropwizard-swagger-ui-3.51.1.jar:/Users/marcosmr/.m2/repository/io/swagger/core/v3/swagger-core/2.0.10/swagger-core-2.0.10.jar:/Users/marcosmr/.m2/repository/javax/xml/bind/jaxb-api/2.3.0/jaxb-api-2.3.0.jar:/Users/marcosmr/.m2/repository/io/swagger/core/v3/swagger-annotations/2.0.10/swagger-annotations-2.0.10.jar:/Users/marcosmr/.m2/repository/io/swagger/core/v3/swagger-models/2.0.10/swagger-models-2.0.10.jar:/Users/marcosmr/.m2/repository/javax/validation/validation-api/1.1.0.Final/validation-api-1.1.0.Final.jar:/Users/marcosmr/.m2/repository/io/swagger/core/v3/swagger-jaxrs2/2.0.10/swagger-jaxrs2-2.0.10.jar:/Users/marcosmr/.m2/repository/io/github/classgraph/classgraph/4.6.32/classgraph-4.6.32.jar:/Users/marcosmr/.m2/repository/io/swagger/core/v3/swagger-integration/2.0.10/swagger-integration-2.0.10.jar:/Users/marcosmr/.m2/repository/io/dropwizard/dropwizard-assets/2.0.23/dropwizard-assets-2.0.23.jar:/Users/marcosmr/.m2/repository/org/apache/httpcomponents/fluent-hc/4.5.13/fluent-hc-4.5.13.jar:/Users/marcosmr/.m2/repository/org/apache/httpcomponents/httpclient/4.5.13/httpclient-4.5.13.jar:/Users/marcosmr/.m2/repository/commons-codec/commons-codec/1.15/commons-codec-1.15.jar:/Users/marcosmr/.m2/repository/commons-logging/commons-logging/1.2/commons-logging-1.2.jar:/Users/marcosmr/.m2/repository/org/apache/httpcomponents/httpcore/4.4.14/httpcore-4.4.14.jar:/Users/marcosmr/.m2/repository/org/junit/jupiter/junit-jupiter-engine/5.7.2/junit-jupiter-engine-5.7.2.jar:/Users/marcosmr/.m2/repository/org/apiguardian/apiguardian-api/1.1.0/apiguardian-api-1.1.0.jar:/Users/marcosmr/.m2/repository/org/junit/platform/junit-platform-engine/1.7.2/junit-platform-engine-1.7.2.jar:/Users/marcosmr/.m2/repository/org/opentest4j/opentest4j/1.2.0/opentest4j-1.2.0.jar:/Users/marcosmr/.m2/repository/org/junit/platform/junit-platform-commons/1.7.2/junit-platform-commons-1.7.2.jar:/Users/marcosmr/.m2/repository/org/junit/jupiter/junit-jupiter-api/5.7.2/junit-jupiter-api-5.7.2.jar:/Users/marcosmr/.m2/repository/me/xdrop/fuzzywuzzy/1.3.1/fuzzywuzzy-1.3.1.jar:"/>
    <property name="sun.cpu.endian" value="little"/>
    <property name="user.home" value="/Users/marcosmr"/>
    <property name="user.language" value="en"/>
    <property name="java.specification.vendor" value="Oracle Corporation"/>
    <property name="java.version.date" value="2020-10-20"/>
    <property name="java.home" value="/Library/Java/JavaVirtualMachines/jdk-11.0.9.jdk/Contents/Home"/>
    <property name="file.separator" value="/"/>
    <property name="basedir" value="/Users/marcosmr/Development/CEDAR/fairware-workbench-api"/>
    <property name="java.vm.compressedOopsMode" value="Zero based"/>
    <property name="line.separator" value="&#10;"/>
    <property name="java.specification.name" value="Java Platform API Specification"/>
    <property name="java.vm.specification.vendor" value="Oracle Corporation"/>
    <property name="java.awt.graphicsenv" value="sun.awt.CGraphicsEnvironment"/>
    <property name="surefire.real.class.path" value="/Users/marcosmr/Development/CEDAR/fairware-workbench-api/target/surefire/surefirebooter3498795792852254032.jar"/>
    <property name="sun.management.compiler" value="HotSpot 64-Bit Tiered Compilers"/>
    <property name="ftp.nonProxyHosts" value="local|*.local|169.254/16|*.169.254/16"/>
    <property name="java.runtime.version" value="11.0.9+7-LTS"/>
    <property name="user.name" value="marcosmr"/>
    <property name="path.separator" value=":"/>
    <property name="os.version" value="10.15.7"/>
    <property name="java.runtime.name" value="Java(TM) SE Runtime Environment"/>
    <property name="file.encoding" value="UTF-8"/>
    <property name="java.vm.name" value="Java HotSpot(TM) 64-Bit Server VM"/>
    <property name="java.vendor.version" value="18.9"/>
    <property name="localRepository" value="/Users/marcosmr/.m2/repository"/>
    <property name="java.vendor.url.bug" value="https://bugreport.java.com/bugreport/"/>
    <property name="java.io.tmpdir" value="/var/folders/4q/69pxbncs0q78w99y08px9nwm0000gn/T/"/>
    <property name="java.version" value="11.0.9"/>
    <property name="user.dir" value="/Users/marcosmr/Development/CEDAR/fairware-workbench-api"/>
    <property name="os.arch" value="x86_64"/>
    <property name="java.vm.specification.name" value="Java Virtual Machine Specification"/>
    <property name="java.awt.printerjob" value="sun.lwawt.macosx.CPrinterJob"/>
    <property name="sun.os.patch.level" value="unknown"/>
    <property name="java.library.path" value="/Users/marcosmr/Library/Java/Extensions:/Library/Java/Extensions:/Network/Library/Java/Extensions:/System/Library/Java/Extensions:/usr/lib/java:."/>
    <property name="java.vendor" value="Oracle Corporation"/>
    <property name="java.vm.info" value="mixed mode"/>
    <property name="java.vm.version" value="11.0.9+7-LTS"/>
    <property name="sun.io.unicode.encoding" value="UnicodeBig"/>
    <property name="java.class.version" value="55.0"/>
    <property name="socksNonProxyHosts" value="local|*.local|169.254/16|*.169.254/16"/>
  </properties>
  <testcase name="testExtractMetadataFieldsInfoFlatArrays" classname="org.metadatacenter.fairware.core.util.MetadataContentExtractorTest" time="0.018"/>
  <testcase name="testExtractMetadataFieldsInfoArrayOfObjects" classname="org.metadatacenter.fairware.core.util.MetadataContentExtractorTest" time="0.001"/>
  <testcase name="testExtractMetadataFieldsInfoFlatNumeric" classname="org.metadatacenter.fairware.core.util.MetadataContentExtractorTest" time="0.001"/>
  <testcase name="testExtractMetadataFieldsInfoFlatStrings" classname="org.metadatacenter.fairware.core.util.MetadataContentExtractorTest" time="0"/>
  <testcase name="testExtractMetadataFieldsInfoNestedFields" classname="org.metadatacenter.fairware.core.util.MetadataContentExtractorTest" time="0.001"/>
</testsuite>